
> frontend@0.1.0 start
> react-scripts start

[34mℹ[39m [90m｢wds｣[39m: Project is running at http://192.168.1.24/
[34mℹ[39m [90m｢wds｣[39m: webpack output is served from 
[34mℹ[39m [90m｢wds｣[39m: Content not from webpack is served from /Users/kmurph/Documents/CSE485PokerSolver/frontend/public
[34mℹ[39m [90m｢wds｣[39m: 404s will fallback to /
Starting the development server...


> frontend@0.1.0 start
> react-scripts start

[34mℹ[39m [90m｢wds｣[39m: Project is running at http://192.168.1.24/
[34mℹ[39m [90m｢wds｣[39m: webpack output is served from 
[34mℹ[39m [90m｢wds｣[39m: Content not from webpack is served from /Users/kmurph/Documents/CSE485PokerSolver/frontend/public
[34mℹ[39m [90m｢wds｣[39m: 404s will fallback to /
Starting the development server...

Compiled with warnings.

src/App.js
  Line 39:14:  'client_id' is assigned a value but never used  no-unused-vars
  Line 43:7:   'useStyles' is assigned a value but never used  no-unused-vars

Search for the keywords to learn more about each warning.
To ignore, add // eslint-disable-next-line to the line before.


> frontend@0.1.0 start
> react-scripts start


> frontend@0.1.0 start
> react-scripts start

[34mℹ[39m [90m｢wds｣[39m: Project is running at http://192.168.1.24/
[34mℹ[39m [90m｢wds｣[39m: webpack output is served from 
[34mℹ[39m [90m｢wds｣[39m: Content not from webpack is served from /Users/kmurph/Documents/CSE485PokerSolver/frontend/public
[34mℹ[39m [90m｢wds｣[39m: 404s will fallback to /
Starting the development server...

Compiled with warnings.

src/App.js
  Line 39:14:  'client_id' is assigned a value but never used  no-unused-vars
  Line 43:7:   'useStyles' is assigned a value but never used  no-unused-vars

Search for the keywords to learn more about each warning.
To ignore, add // eslint-disable-next-line to the line before.


> frontend@0.1.0 start
> react-scripts start


> frontend@0.1.0 start
> react-scripts start


> frontend@0.1.0 start
> react-scripts start


> frontend@0.1.0 start
> react-scripts start

[34mℹ[39m [90m｢wds｣[39m: Project is running at http://192.168.1.24/
[34mℹ[39m [90m｢wds｣[39m: webpack output is served from 
[34mℹ[39m [90m｢wds｣[39m: Content not from webpack is served from /Users/kmurph/Documents/CSE485PokerSolver/frontend/public
[34mℹ[39m [90m｢wds｣[39m: 404s will fallback to /
Starting the development server...

